[2017-06-15T20:02:37.783-0500] [glassfish 4.1] [INFO] [] [] [tid: _ThreadID=30 _ThreadName=Thread-8] [timeMillis: 1497574957783] [levelValue: 800] [[
  id is 4]]

[2017-06-15T20:02:37.783-0500] [glassfish 4.1] [INFO] [] [] [tid: _ThreadID=30 _ThreadName=Thread-8] [timeMillis: 1497574957783] [levelValue: 800] [[
  Hibernate: select outlet0_.`id` as id1_0_, outlet0_.`creation_time` as creation2_0_, outlet0_.`modification_time` as modifica3_0_, outlet0_.`version` as version4_0_, outlet0_.`outlet_activated` as outlet_a5_0_, outlet0_.`outlet_description` as outlet_d6_0_, outlet0_.`outlet_number_off` as outlet_n7_0_, outlet0_.`outlet_number_on` as outlet_n8_0_ from `outlet` outlet0_ where outlet0_.`id`=?]]

[2017-06-15T20:02:37.788-0500] [glassfish 4.1] [INFO] [] [home.controllers.OutletController] [tid: _ThreadID=30 _ThreadName=http-listener-1(2)] [timeMillis: 1497574957788] [levelValue: 800] [[
  Outlet found]]

[2017-06-15T20:02:37.789-0500] [glassfish 4.1] [WARNING] [] [javax.enterprise.web] [tid: _ThreadID=30 _ThreadName=http-listener-1(2)] [timeMillis: 1497574957789] [levelValue: 900] [[
  StandardWrapperValve[dispatcher]: Servlet.service() for servlet dispatcher threw exception
java.lang.NullPointerException
	at home.controllers.OutletController.getOutletById(OutletController.java:89)
	at sun.reflect.NativeMethodAccessorImpl.invoke0(Native Method)
	at sun.reflect.NativeMethodAccessorImpl.invoke(NativeMethodAccessorImpl.java:62)
	at sun.reflect.DelegatingMethodAccessorImpl.invoke(DelegatingMethodAccessorImpl.java:43)
	at java.lang.reflect.Method.invoke(Method.java:498)
	at org.springframework.web.method.support.InvocableHandlerMethod.doInvoke(InvocableHandlerMethod.java:205)
	at org.springframework.web.method.support.InvocableHandlerMethod.invokeForRequest(InvocableHandlerMethod.java:133)
	at org.springframework.web.servlet.mvc.method.annotation.ServletInvocableHandlerMethod.invokeAndHandle(ServletInvocableHandlerMethod.java:97)
	at org.springframework.web.servlet.mvc.method.annotation.RequestMappingHandlerAdapter.invokeHandlerMethod(RequestMappingHandlerAdapter.java:827)
	at org.springframework.web.servlet.mvc.method.annotation.RequestMappingHandlerAdapter.handleInternal(RequestMappingHandlerAdapter.java:738)
	at org.springframework.web.servlet.mvc.method.AbstractHandlerMethodAdapter.handle(AbstractHandlerMethodAdapter.java:85)
	at org.springframework.web.servlet.DispatcherServlet.doDispatch(DispatcherServlet.java:967)
	at org.springframework.web.servlet.DispatcherServlet.doService(DispatcherServlet.java:901)
	at org.springframework.web.servlet.FrameworkServlet.processRequest(FrameworkServlet.java:970)
	at org.springframework.web.servlet.FrameworkServlet.doGet(FrameworkServlet.java:861)
	at javax.servlet.http.HttpServlet.service(HttpServlet.java:687)
	at org.springframework.web.servlet.FrameworkServlet.service(FrameworkServlet.java:846)
	at javax.servlet.http.HttpServlet.service(HttpServlet.java:790)
	at org.apache.catalina.core.StandardWrapper.service(StandardWrapper.java:1682)
	at org.apache.catalina.core.ApplicationFilterChain.internalDoFilter(ApplicationFilterChain.java:344)
	at org.apache.catalina.core.ApplicationFilterChain.doFilter(ApplicationFilterChain.java:214)
	at org.glassfish.tyrus.servlet.TyrusServletFilter.doFilter(TyrusServletFilter.java:305)
	at org.apache.catalina.core.ApplicationFilterChain.internalDoFilter(ApplicationFilterChain.java:256)
	at org.apache.catalina.core.ApplicationFilterChain.doFilter(ApplicationFilterChain.java:214)
	at org.apache.catalina.core.StandardWrapperValve.invoke(StandardWrapperValve.java:316)
	at org.apache.catalina.core.StandardContextValve.invoke(StandardContextValve.java:160)
	at org.apache.catalina.core.StandardPipeline.doInvoke(StandardPipeline.java:734)
	at org.apache.catalina.core.StandardPipeline.invoke(StandardPipeline.java:673)
	at com.sun.enterprise.web.WebPipeline.invoke(WebPipeline.java:99)
	at org.apache.catalina.core.StandardHostValve.invoke(StandardHostValve.java:174)
	at org.apache.catalina.connector.CoyoteAdapter.doService(CoyoteAdapter.java:416)
	at org.apache.catalina.connector.CoyoteAdapter.service(CoyoteAdapter.java:283)
	at com.sun.enterprise.v3.services.impl.ContainerMapper$HttpHandlerCallable.call(ContainerMapper.java:459)
	at com.sun.enterprise.v3.services.impl.ContainerMapper.service(ContainerMapper.java:167)
	at org.glassfish.grizzly.http.server.HttpHandler.runService(HttpHandler.java:206)
	at org.glassfish.grizzly.http.server.HttpHandler.doHandle(HttpHandler.java:180)
	at org.glassfish.grizzly.http.server.HttpServerFilter.handleRead(HttpServerFilter.java:235)
	at org.glassfish.grizzly.filterchain.ExecutorResolver$9.execute(ExecutorResolver.java:119)
	at org.glassfish.grizzly.filterchain.DefaultFilterChain.executeFilter(DefaultFilterChain.java:283)
	at org.glassfish.grizzly.filterchain.DefaultFilterChain.executeChainPart(DefaultFilterChain.java:200)
	at org.glassfish.grizzly.filterchain.DefaultFilterChain.execute(DefaultFilterChain.java:132)
	at org.glassfish.grizzly.filterchain.DefaultFilterChain.process(DefaultFilterChain.java:111)
	at org.glassfish.grizzly.ProcessorExecutor.execute(ProcessorExecutor.java:77)
	at org.glassfish.grizzly.nio.transport.TCPNIOTransport.fireIOEvent(TCPNIOTransport.java:536)
	at org.glassfish.grizzly.strategies.AbstractIOStrategy.fireIOEvent(AbstractIOStrategy.java:112)
	at org.glassfish.grizzly.strategies.WorkerThreadIOStrategy.run0(WorkerThreadIOStrategy.java:117)
	at org.glassfish.grizzly.strategies.WorkerThreadIOStrategy.access$100(WorkerThreadIOStrategy.java:56)
	at org.glassfish.grizzly.strategies.WorkerThreadIOStrategy$WorkerThreadRunnable.run(WorkerThreadIOStrategy.java:137)
	at org.glassfish.grizzly.threadpool.AbstractThreadPool$Worker.doWork(AbstractThreadPool.java:591)
	at org.glassfish.grizzly.threadpool.AbstractThreadPool$Worker.run(AbstractThreadPool.java:571)
	at java.lang.Thread.run(Thread.java:748)
]]

[2017-06-15T20:04:05.162-0500] [glassfish 4.1] [INFO] [] [javax.enterprise.web] [tid: _ThreadID=44 _ThreadName=admin-listener(2)] [timeMillis: 1497575045162] [levelValue: 800] [[
  WebModule[null] ServletContext.log():Destroying Spring FrameworkServlet 'dispatcher']]

[2017-06-15T20:04:05.164-0500] [glassfish 4.1] [INFO] [] [org.springframework.web.context.support.XmlWebApplicationContext] [tid: _ThreadID=44 _ThreadName=admin-listener(2)] [timeMillis: 1497575045164] [levelValue: 800] [[
  Closing WebApplicationContext for namespace 'dispatcher-servlet': startup date [Thu Jun 15 20:02:11 CDT 2017]; root of context hierarchy]]

[2017-06-15T20:04:05.191-0500] [glassfish 4.1] [WARNING] [] [javax.enterprise.web.util] [tid: _ThreadID=44 _ThreadName=admin-listener(2)] [timeMillis: 1497575045191] [levelValue: 900] [[
  The web application [/clarene_war_exploded] registered the JDBC driver [com.mysql.cj.jdbc.Driver] but failed to unregister it when the web application was stopped. To prevent a memory leak, the JDBC Driver has been forcibly unregistered.]]

[2017-06-15T20:04:06.342-0500] [glassfish 4.1] [INFO] [NCLS-REST-00001] [javax.enterprise.admin.rest] [tid: _ThreadID=43 _ThreadName=admin-listener(1)] [timeMillis: 1497575046342] [levelValue: 800] [[
  Listening to REST requests at context: /command/domain.]]

[2017-06-15T20:04:06.426-0500] [glassfish 4.1] [INFO] [NCLS-CORE-00092] [javax.enterprise.system.core] [tid: _ThreadID=120 _ThreadName=Thread-31] [timeMillis: 1497575046426] [levelValue: 800] [[
  Server shutdown initiated]]

[2017-06-15T20:04:06.429-0500] [glassfish 4.1] [INFO] [NCLS-BOOTSTRAP-00028] [javax.enterprise.bootstrap] [tid: _ThreadID=120 _ThreadName=Thread-31] [timeMillis: 1497575046429] [levelValue: 800] [[
  Unregistered com.sun.enterprise.glassfish.bootstrap.osgi.EmbeddedOSGiGlassFishImpl@2ab2710 from service registry.]]

[2017-06-15T20:04:06.429-0500] [glassfish 4.1] [INFO] [] [] [tid: _ThreadID=120 _ThreadName=Thread-8] [timeMillis: 1497575046429] [levelValue: 800] [[
  FileMonitoring shutdown]]

[2017-06-15T20:04:06.435-0500] [glassfish 4.1] [INFO] [NCLS-JMX-00002] [javax.enterprise.system.jmx] [tid: _ThreadID=120 _ThreadName=Thread-31] [timeMillis: 1497575046435] [levelValue: 800] [[
  JMXStartupService: Stopped JMXConnectorServer: null]]

[2017-06-15T20:04:06.436-0500] [glassfish 4.1] [INFO] [NCLS-JMX-00001] [javax.enterprise.system.jmx] [tid: _ThreadID=120 _ThreadName=Thread-31] [timeMillis: 1497575046436] [levelValue: 800] [[
  JMXStartupService and JMXConnectors have been shut down.]]

[2017-06-15T20:04:06.468-0500] [glassfish 4.1] [INFO] [] [] [tid: _ThreadID=126 _ThreadName=Thread-8] [timeMillis: 1497575046468] [levelValue: 800] [[
  JdbcRuntimeExtension,  getAllSystemRAResourcesAndPools = [GlassFishConfigBean.org.glassfish.jdbc.config.JdbcResource, GlassFishConfigBean.org.glassfish.jdbc.config.JdbcResource, GlassFishConfigBean.org.glassfish.jdbc.config.JdbcConnectionPool, GlassFishConfigBean.org.glassfish.jdbc.config.JdbcConnectionPool]]]

